<?xml version="1.0" encoding="UTF-8"?>
<testng-results skipped="0" failed="0" ignored="0" total="1" passed="1">
  <reporter-output>
  </reporter-output>
  <suite name="Default suite" duration-ms="36116" started-at="2017-03-24T10:31:54Z" finished-at="2017-03-24T10:32:30Z">
    <groups>
    </groups>
    <test name="Default test" duration-ms="36116" started-at="2017-03-24T10:31:54Z" finished-at="2017-03-24T10:32:30Z">
      <class name="executionEngine.TestNgClass">
        <test-method status="PASS" signature="LoginTest()[pri:0, instance:executionEngine.TestNgClass@437da279]" name="LoginTest" duration-ms="30581" started-at="2017-03-24T16:01:54Z" finished-at="2017-03-24T16:02:25Z">
          <reporter-output>
          </reporter-output>
        </test-method> <!-- LoginTest -->
        <test-method status="PASS" signature="finishTest()[pri:0, instance:executionEngine.TestNgClass@437da279]" name="finishTest" is-config="true" duration-ms="5513" started-at="2017-03-24T16:02:25Z" finished-at="2017-03-24T16:02:30Z">
          <reporter-output>
          </reporter-output>
        </test-method> <!-- finishTest -->
      </class> <!-- executionEngine.TestNgClass -->
    </test> <!-- Default test -->
  </suite> <!-- Default suite -->
</testng-results>
